Arguments: 
  C:\Program Files\nodejs\node.exe C:\Program Files (x86)\Yarn\bin\yarn.js add @nestjs/axios

PATH: 
  C:\Program Files\Common Files\Oracle\Java\javapath;C:\ProgramData\Oracle\Java\javapath;C:\Python27\;C:\Python27\Scripts;C:\Program Files\Amazon Corretto\jdk1.8.0_242\bin;C:\WINDOWS\system32;C:\WINDOWS;C:\WINDOWS\System32\Wbem;C:\WINDOWS\System32\WindowsPowerShell\v1.0\;C:\WINDOWS\System32\OpenSSH\;C:\Program Files\Microsoft VS Code\bin;C:\ProgramData\chocolatey\bin;C:\Program Files (x86)\Yarn\bin\;C:\Program Files (x86)\Microsoft SQL Server\150\DTS\Binn\;C:\Program Files\Git\cmd;C:\Program Files\Amazon\AWSCLIV2\;C:\sonar-scanner\bin;C:\Users\bruno\AppData\Roaming\nvm;C:\Program Files\nodejs;C:\Program Files\Docker\Docker\resources\bin;C:\ProgramData\DockerDesktop\version-bin;C:\Users\bruno\AppData\Local\Microsoft\WindowsApps;C:\apache-maven-3.6.0\bin;C:\Users\bruno\AppData\Roaming\npm;C:\Users\bruno\AppData\Local\Yarn\bin;C:\Users\bruno\AppData\Local\Programs\Fiddler;C:\Users\bruno\AppData\Local\Android\Sdk\platform-tools;C:\sonar-scanner\bin;C:\Users\bruno\AppData\Local\Microsoft\WindowsApps;C:\Users\bruno\AppData\Roaming\nvm;C:\Program Files\nodejs

Yarn version: 
  1.22.0

Node version: 
  12.22.1

Platform: 
  win32 x64

Trace: 
  Error: EPERM: operation not permitted, unlink 'D:\Projetos\Bolão\api\node_modules\bcrypt\lib\binding\napi-v3\bcrypt_lib.node'

npm manifest: 
  {
    "name": "nest-typescript-starter",
    "private": true,
    "version": "1.0.0",
    "description": "Nest TypeScript starter repository",
    "license": "MIT",
    "scripts": {
      "prebuild": "rimraf dist",
      "build": "nest build",
      "format": "prettier --write \"src/**/*.ts\" \"test/**/*.ts\"",
      "start": "nest start",
      "start:dev": "nest start --watch",
      "start:debug": "nest start --debug --watch",
      "start:prod": "node dist/main",
      "lint": "eslint \"{src,apps,libs,test}/**/*.ts\" --fix",
      "test": "jest",
      "test:watch": "jest --watch",
      "test:cov": "jest --coverage",
      "test:debug": "node --inspect-brk -r tsconfig-paths/register -r ts-node/register node_modules/.bin/jest --runInBand",
      "test:e2e": "jest --config ./test/jest-e2e.json",
  
      "typeorm": "ts-node -r tsconfig-paths/register ./node_modules/typeorm/cli.js --config src/ormconfig.ts",
      "migration": "npm run typeorm migration:generate -- -n Migration && npm run typeorm migration:run"
    },
    "dependencies": {
      "@nestjs/common": "^7.6.15",
      "@nestjs/config": "^0.6.3",
      "@nestjs/core": "^7.6.15",
      "@nestjs/jwt": "^7.2.0",
      "@nestjs/mapped-types": "^0.4.1",
      "@nestjs/passport": "^7.1.5",
      "@nestjs/platform-express": "^7.6.15",
      "@nestjs/typeorm": "^7.1.5",
      "bcrypt": "^5.0.1",
      "class-transformer": "^0.4.0",
      "class-validator": "^0.13.1",
      "date-fns": "^2.21.3",
      "mysql2": "^2.2.5",
      "passport": "^0.4.1",
      "passport-jwt": "^4.0.0",
      "passport-local": "^1.0.0",
      "reflect-metadata": "^0.1.13",
      "rimraf": "^3.0.2",
      "rxjs": "^6.6.6",
      "typeorm": "^0.2.32"
    },
    "devDependencies": {
      "@nestjs/cli": "^7.6.0",
      "@nestjs/schematics": "^7.3.1",
      "@nestjs/testing": "^7.6.15",
      "@types/bcrypt": "^5.0.0",
      "@types/express": "^4.17.11",
      "@types/jest": "^26.0.22",
      "@types/node": "^14.14.36",
      "@types/passport-jwt": "^3.0.5",
      "@types/passport-local": "^1.0.33",
      "@types/supertest": "^2.0.10",
      "@typescript-eslint/eslint-plugin": "^4.19.0",
      "@typescript-eslint/parser": "^4.19.0",
      "eslint": "^7.22.0",
      "eslint-config-prettier": "^8.1.0",
      "eslint-plugin-prettier": "^3.3.1",
      "jest": "^26.6.3",
      "prettier": "^2.2.1",
      "supertest": "^6.1.3",
      "ts-jest": "^26.5.4",
      "ts-loader": "^8.0.18",
      "ts-node": "^9.1.1",
      "tsconfig-paths": "^3.9.0",
      "typescript": "^4.2.3"
    },
    "jest": {
      "moduleFileExtensions": [
        "js",
        "json",
        "ts"
      ],
      "rootDir": "src",
      "testRegex": ".*\\.spec\\.ts$",
      "transform": {
        "^.+\\.(t|j)s$": "ts-jest"
      },
      "collectCoverageFrom": [
        "**/*.(t|j)s"
      ],
      "coverageDirectory": "../coverage",
      "testEnvironment": "node"
    }
  }

yarn manifest: 
  No manifest

Lockfile: 
  No lockfile
